This file contains any messages produced by compilers while
running configure, to aid debugging if configure makes a mistake.

It was created by gedit-gsp-plugin configure 0.2.0, which was
generated by GNU Autoconf 2.61.  Invocation command line was

  $ ./configure --enable-maintainer-mode --prefix=/usr

## --------- ##
## Platform. ##
## --------- ##

hostname = homer
uname -m = i686
uname -r = 2.6.27-11-generic
uname -s = Linux
uname -v = #1 SMP Fri Dec 19 16:29:52 UTC 2008

/usr/bin/uname -p = unknown
/bin/uname -X     = unknown

/bin/arch              = unknown
/usr/bin/arch -k       = unknown
/usr/convex/getsysinfo = unknown
/usr/bin/hostinfo      = unknown
/bin/machine           = unknown
/usr/bin/oslevel       = unknown
/bin/universe          = unknown

PATH: /usr/local/sbin
PATH: /usr/local/bin
PATH: /usr/sbin
PATH: /usr/bin
PATH: /sbin
PATH: /bin
PATH: /usr/games


## ----------- ##
## Core tests. ##
## ----------- ##

configure:2141: checking for a BSD-compatible install
configure:2197: result: /usr/bin/install -c
configure:2208: checking whether build environment is sane
configure:2251: result: yes
configure:2279: checking for a thread-safe mkdir -p
configure:2318: result: /bin/mkdir -p
configure:2331: checking for gawk
configure:2361: result: no
configure:2331: checking for mawk
configure:2347: found /usr/bin/mawk
configure:2358: result: mawk
configure:2369: checking whether make sets $(MAKE)
configure:2390: result: yes
configure:2628: checking for pkg-config
configure:2646: found /usr/bin/pkg-config
configure:2658: result: /usr/bin/pkg-config
configure:2687: checking pkg-config is at least version 0.9.0
configure:2690: result: yes
configure:2703: $PKG_CONFIG --exists --print-errors "gnome-doc-utils >= $gdu_cv_version_required"
configure:2706: $? = 0
configure:2785: checking whether to enable maintainer-specific portions of Makefiles
configure:2794: result: yes
configure:2843: checking for gconftool-2
configure:2861: found /usr/bin/gconftool-2
configure:2873: result: /usr/bin/gconftool-2
configure:2882: checking whether NLS is requested
configure:2891: result: yes
configure:2907: checking for style of include used by make
configure:2935: result: GNU
configure:3005: checking for gcc
configure:3021: found /usr/bin/gcc
configure:3032: result: gcc
configure:3270: checking for C compiler version
configure:3277: gcc --version >&5
gcc (Ubuntu 4.3.2-1ubuntu11) 4.3.2
Copyright (C) 2008 Free Software Foundation, Inc.
This is free software; see the source for copying conditions.  There is NO
warranty; not even for MERCHANTABILITY or FITNESS FOR A PARTICULAR PURPOSE.

configure:3280: $? = 0
configure:3287: gcc -v >&5
Using built-in specs.
Target: i486-linux-gnu
Configured with: ../src/configure -v --with-pkgversion='Ubuntu 4.3.2-1ubuntu11' --with-bugurl=file:///usr/share/doc/gcc-4.3/README.Bugs --enable-languages=c,c++,fortran,objc,obj-c++ --prefix=/usr --enable-shared --with-system-zlib --libexecdir=/usr/lib --without-included-gettext --enable-threads=posix --enable-nls --with-gxx-include-dir=/usr/include/c++/4.3 --program-suffix=-4.3 --enable-clocale=gnu --enable-libstdcxx-debug --enable-objc-gc --enable-mpfr --enable-targets=all --enable-checking=release --build=i486-linux-gnu --host=i486-linux-gnu --target=i486-linux-gnu
Thread model: posix
gcc version 4.3.2 (Ubuntu 4.3.2-1ubuntu11) 
configure:3290: $? = 0
configure:3297: gcc -V >&5
gcc: '-V' option must have argument
configure:3300: $? = 1
configure:3323: checking for C compiler default output file name
configure:3350: gcc    conftest.c  >&5
configure:3353: $? = 0
configure:3391: result: a.out
configure:3408: checking whether the C compiler works
configure:3418: ./a.out
configure:3421: $? = 0
configure:3438: result: yes
configure:3445: checking whether we are cross compiling
configure:3447: result: no
configure:3450: checking for suffix of executables
configure:3457: gcc -o conftest    conftest.c  >&5
configure:3460: $? = 0
configure:3484: result: 
configure:3490: checking for suffix of object files
configure:3516: gcc -c   conftest.c >&5
configure:3519: $? = 0
configure:3542: result: o
configure:3546: checking whether we are using the GNU C compiler
configure:3575: gcc -c   conftest.c >&5
configure:3581: $? = 0
configure:3598: result: yes
configure:3603: checking whether gcc accepts -g
configure:3633: gcc -c -g  conftest.c >&5
configure:3639: $? = 0
configure:3738: result: yes
configure:3755: checking for gcc option to accept ISO C89
configure:3829: gcc  -c -g -O2  conftest.c >&5
configure:3835: $? = 0
configure:3858: result: none needed
configure:3878: checking dependency style of gcc
configure:3969: result: gcc3
configure:3998: checking for intltool >= 0.35.0
configure:4005: result: 0.40.5 found
configure:4015: checking for intltool-update
configure:4033: found /usr/bin/intltool-update
configure:4045: result: /usr/bin/intltool-update
configure:4055: checking for intltool-merge
configure:4073: found /usr/bin/intltool-merge
configure:4085: result: /usr/bin/intltool-merge
configure:4095: checking for intltool-extract
configure:4113: found /usr/bin/intltool-extract
configure:4125: result: /usr/bin/intltool-extract
configure:4182: checking for xgettext
configure:4200: found /usr/bin/xgettext
configure:4212: result: /usr/bin/xgettext
configure:4222: checking for msgmerge
configure:4240: found /usr/bin/msgmerge
configure:4252: result: /usr/bin/msgmerge
configure:4262: checking for msgfmt
configure:4280: found /usr/bin/msgfmt
configure:4292: result: /usr/bin/msgfmt
configure:4302: checking for gmsgfmt
configure:4333: result: /usr/bin/msgfmt
configure:4357: checking for perl
configure:4375: found /usr/bin/perl
configure:4387: result: /usr/bin/perl
configure:4406: checking for XML::Parser
configure:4409: result: ok
configure:4446: gcc -o conftest -g -O2   conftest.c  >&5
configure:4452: $? = 0
configure:4599: checking build system type
configure:4617: result: i686-pc-linux-gnu
configure:4639: checking host system type
configure:4654: result: i686-pc-linux-gnu
configure:4676: checking for a sed that does not truncate output
configure:4755: result: /bin/sed
configure:4773: checking for grep that handles long lines and -e
configure:4847: result: /bin/grep
configure:4852: checking for egrep
configure:4930: result: /bin/grep -E
configure:4935: checking for fgrep
configure:5013: result: /bin/grep -F
configure:5048: checking for ld used by gcc
configure:5115: result: /usr/bin/ld
configure:5124: checking if the linker (/usr/bin/ld) is GNU ld
configure:5139: result: yes
configure:5151: checking for BSD- or MS-compatible name lister (nm)
configure:5200: result: /usr/bin/nm -B
configure:5322: checking the name lister (/usr/bin/nm -B) interface
configure:5329: gcc -c -g -O2  conftest.c >&5
configure:5332: /usr/bin/nm -B "conftest.o"
configure:5335: output
00000000 B some_variable
configure:5342: result: BSD nm
configure:5345: checking whether ln -s works
configure:5349: result: yes
configure:5357: checking the maximum length of command line arguments
configure:5477: result: 1572864
configure:5494: checking whether the shell understands some XSI constructs
configure:5504: result: yes
configure:5508: checking whether the shell understands "+="
configure:5514: result: yes
configure:5549: checking for /usr/bin/ld option to reload object files
configure:5556: result: -r
configure:5583: checking how to recognize dependent libraries
configure:5773: result: pass_all
configure:5833: checking for ar
configure:5849: found /usr/bin/ar
configure:5860: result: ar
configure:5942: checking for strip
configure:5958: found /usr/bin/strip
configure:5969: result: strip
configure:6045: checking for ranlib
configure:6061: found /usr/bin/ranlib
configure:6072: result: ranlib
configure:6166: checking command to parse /usr/bin/nm -B output from gcc object
configure:6284: gcc -c -g -O2  conftest.c >&5
configure:6287: $? = 0
configure:6291: /usr/bin/nm -B conftest.o \| sed -n -e 's/^.*[	 ]\([ABCDGIRSTW][ABCDGIRSTW]*\)[	 ][	 ]*\([_A-Za-z][_A-Za-z0-9]*\)$/\1 \2 \2/p' \> conftest.nm
configure:6294: $? = 0
configure:6348: gcc -o conftest -g -O2   conftest.c conftstm.o >&5
configure:6351: $? = 0
configure:6389: result: ok
configure:7267: checking how to run the C preprocessor
configure:7307: gcc -E  conftest.c
configure:7313: $? = 0
configure:7344: gcc -E  conftest.c
conftest.c:10:28: error: ac_nonexistent.h: No such file or directory
configure:7350: $? = 1
configure: failed program was:
| /* confdefs.h.  */
| #define PACKAGE_NAME "gedit-gsp-plugin"
| #define PACKAGE_TARNAME "gedit-gsp-plugin"
| #define PACKAGE_VERSION "0.2.0"
| #define PACKAGE_STRING "gedit-gsp-plugin 0.2.0"
| #define PACKAGE_BUGREPORT "http://sourceforge.net/projects/gtksourcecomple"
| #define PACKAGE "gedit-gsp-plugin"
| #define VERSION "0.2.0"
| /* end confdefs.h.  */
| #include <ac_nonexistent.h>
configure:7383: result: gcc -E
configure:7412: gcc -E  conftest.c
configure:7418: $? = 0
configure:7449: gcc -E  conftest.c
conftest.c:10:28: error: ac_nonexistent.h: No such file or directory
configure:7455: $? = 1
configure: failed program was:
| /* confdefs.h.  */
| #define PACKAGE_NAME "gedit-gsp-plugin"
| #define PACKAGE_TARNAME "gedit-gsp-plugin"
| #define PACKAGE_VERSION "0.2.0"
| #define PACKAGE_STRING "gedit-gsp-plugin 0.2.0"
| #define PACKAGE_BUGREPORT "http://sourceforge.net/projects/gtksourcecomple"
| #define PACKAGE "gedit-gsp-plugin"
| #define VERSION "0.2.0"
| /* end confdefs.h.  */
| #include <ac_nonexistent.h>
configure:7493: checking for ANSI C header files
configure:7523: gcc -c -g -O2  conftest.c >&5
configure:7529: $? = 0
configure:7628: gcc -o conftest -g -O2   conftest.c  >&5
configure:7631: $? = 0
configure:7637: ./conftest
configure:7640: $? = 0
configure:7657: result: yes
configure:7681: checking for sys/types.h
configure:7702: gcc -c -g -O2  conftest.c >&5
configure:7708: $? = 0
configure:7724: result: yes
configure:7681: checking for sys/stat.h
configure:7702: gcc -c -g -O2  conftest.c >&5
configure:7708: $? = 0
configure:7724: result: yes
configure:7681: checking for stdlib.h
configure:7702: gcc -c -g -O2  conftest.c >&5
configure:7708: $? = 0
configure:7724: result: yes
configure:7681: checking for string.h
configure:7702: gcc -c -g -O2  conftest.c >&5
configure:7708: $? = 0
configure:7724: result: yes
configure:7681: checking for memory.h
configure:7702: gcc -c -g -O2  conftest.c >&5
configure:7708: $? = 0
configure:7724: result: yes
configure:7681: checking for strings.h
configure:7702: gcc -c -g -O2  conftest.c >&5
configure:7708: $? = 0
configure:7724: result: yes
configure:7681: checking for inttypes.h
configure:7702: gcc -c -g -O2  conftest.c >&5
configure:7708: $? = 0
configure:7724: result: yes
configure:7681: checking for stdint.h
configure:7702: gcc -c -g -O2  conftest.c >&5
configure:7708: $? = 0
configure:7724: result: yes
configure:7681: checking for unistd.h
configure:7702: gcc -c -g -O2  conftest.c >&5
configure:7708: $? = 0
configure:7724: result: yes
configure:7740: checking for dlfcn.h
configure:7761: gcc -c -g -O2  conftest.c >&5
configure:7767: $? = 0
configure:7783: result: yes
configure:7937: checking for objdir
configure:7952: result: .libs
configure:8248: checking if gcc supports -fno-rtti -fno-exceptions
configure:8266: gcc -c -g -O2  -fno-rtti -fno-exceptions conftest.c >&5
cc1: warning: command line option "-fno-rtti" is valid for C++/ObjC++ but not for C
configure:8270: $? = 0
configure:8283: result: no
configure:8303: checking for gcc option to produce PIC
configure:8560: result: -fPIC -DPIC
configure:8572: checking if gcc PIC flag -fPIC -DPIC works
configure:8590: gcc -c -g -O2  -fPIC -DPIC -DPIC conftest.c >&5
configure:8594: $? = 0
configure:8607: result: yes
configure:8631: checking if gcc static flag -static works
configure:8659: result: yes
configure:8674: checking if gcc supports -c -o file.o
configure:8695: gcc -c -g -O2  -o out/conftest2.o conftest.c >&5
configure:8699: $? = 0
configure:8721: result: yes
configure:8729: checking if gcc supports -c -o file.o
configure:8776: result: yes
configure:8809: checking whether the gcc linker (/usr/bin/ld) supports shared libraries
configure:9864: result: yes
configure:9901: checking whether -lc should be explicitly linked in
configure:9906: gcc -c -g -O2  conftest.c >&5
configure:9909: $? = 0
configure:9924: gcc -shared conftest.o  -v -Wl,-soname -Wl,conftest -o conftest 2\>\&1 \| /bin/grep  -lc  \>/dev/null 2\>\&1
configure:9927: $? = 0
configure:9939: result: no
configure:10103: checking dynamic linker characteristics
configure:10546: gcc -o conftest -g -O2   -Wl,-rpath -Wl,/foo conftest.c  >&5
configure:10552: $? = 0
configure:10794: result: GNU/Linux ld.so
configure:10896: checking how to hardcode library paths into programs
configure:10921: result: immediate
configure:11734: checking whether stripping libraries is possible
configure:11739: result: yes
configure:11774: checking if libtool supports shared libraries
configure:11776: result: yes
configure:11779: checking whether to build shared libraries
configure:11800: result: yes
configure:11803: checking whether to build static libraries
configure:11807: result: no
configure:11843: checking for library containing strerror
configure:11884: gcc -o conftest -g -O2   conftest.c  >&5
configure:11890: $? = 0
configure:11918: result: none required
configure:11974: checking for gcc
configure:12001: result: gcc
configure:12239: checking for C compiler version
configure:12246: gcc --version >&5
gcc (Ubuntu 4.3.2-1ubuntu11) 4.3.2
Copyright (C) 2008 Free Software Foundation, Inc.
This is free software; see the source for copying conditions.  There is NO
warranty; not even for MERCHANTABILITY or FITNESS FOR A PARTICULAR PURPOSE.

configure:12249: $? = 0
configure:12256: gcc -v >&5
Using built-in specs.
Target: i486-linux-gnu
Configured with: ../src/configure -v --with-pkgversion='Ubuntu 4.3.2-1ubuntu11' --with-bugurl=file:///usr/share/doc/gcc-4.3/README.Bugs --enable-languages=c,c++,fortran,objc,obj-c++ --prefix=/usr --enable-shared --with-system-zlib --libexecdir=/usr/lib --without-included-gettext --enable-threads=posix --enable-nls --with-gxx-include-dir=/usr/include/c++/4.3 --program-suffix=-4.3 --enable-clocale=gnu --enable-libstdcxx-debug --enable-objc-gc --enable-mpfr --enable-targets=all --enable-checking=release --build=i486-linux-gnu --host=i486-linux-gnu --target=i486-linux-gnu
Thread model: posix
gcc version 4.3.2 (Ubuntu 4.3.2-1ubuntu11) 
configure:12259: $? = 0
configure:12266: gcc -V >&5
gcc: '-V' option must have argument
configure:12269: $? = 1
configure:12272: checking whether we are using the GNU C compiler
configure:12324: result: yes
configure:12329: checking whether gcc accepts -g
configure:12464: result: yes
configure:12481: checking for gcc option to accept ISO C89
configure:12584: result: none needed
configure:12604: checking dependency style of gcc
configure:12695: result: gcc3
configure:12723: checking for a BSD-compatible install
configure:12779: result: /usr/bin/install -c
configure:12790: checking whether make sets $(MAKE)
configure:12811: result: yes
configure:12852: checking locale.h usability
configure:12869: gcc -c -g -O2  conftest.c >&5
configure:12875: $? = 0
configure:12889: result: yes
configure:12893: checking locale.h presence
configure:12908: gcc -E  conftest.c
configure:12914: $? = 0
configure:12928: result: yes
configure:12961: checking for locale.h
configure:12969: result: yes
configure:12983: checking for LC_MESSAGES
configure:13009: gcc -o conftest -g -O2   conftest.c  >&5
configure:13015: $? = 0
configure:13032: result: yes
configure:13061: checking libintl.h usability
configure:13078: gcc -c -g -O2  conftest.c >&5
configure:13084: $? = 0
configure:13098: result: yes
configure:13102: checking libintl.h presence
configure:13117: gcc -E  conftest.c
configure:13123: $? = 0
configure:13137: result: yes
configure:13170: checking for libintl.h
configure:13177: result: yes
configure:13188: checking for ngettext in libc
configure:13216: gcc -o conftest -g -O2   conftest.c  >&5
configure:13222: $? = 0
configure:13240: result: yes
configure:13244: checking for dgettext in libc
configure:13272: gcc -o conftest -g -O2   conftest.c  >&5
configure:13278: $? = 0
configure:13296: result: yes
configure:13305: checking for bind_textdomain_codeset
configure:13361: gcc -o conftest -g -O2   conftest.c  >&5
configure:13367: $? = 0
configure:13385: result: yes
configure:13872: checking for msgfmt
configure:13899: result: /usr/bin/msgfmt
configure:13912: checking for dcgettext
configure:13968: gcc -o conftest -g -O2   conftest.c   >&5
conftest.c:50: warning: conflicting types for built-in function 'dcgettext'
configure:13974: $? = 0
configure:13992: result: yes
configure:14003: checking if msgfmt accepts -c
configure:14018: $MSGFMT -c -o /dev/null conftest.foo
configure:14021: $? = 0
configure:14023: result: yes
configure:14033: checking for gmsgfmt
configure:14064: result: /usr/bin/msgfmt
configure:14074: checking for xgettext
configure:14101: result: /usr/bin/xgettext
configure:14130: gcc -o conftest -g -O2   conftest.c   >&5
configure:14136: $? = 0
configure:14369: checking for GEDIT
configure:14386: $PKG_CONFIG --exists --print-errors "
	glib-2.0 >= 2.8.0
	gtk+-2.0 >= 2.8.0
	gtksourceview-2.0 >= 2.0.0
	gedit-2.20 >= 2.20.0
	libglade-2.0 >= 2.4.0
	gnome-vfs-2.0 >= 2.13.4
	gtksourcecompletion-1.0 >= 0.6.0
	gtksnippets-1.0 >= 0.1.0
"
configure:14398: $? = 0
configure:14431: $PKG_CONFIG --exists --print-errors "
	glib-2.0 >= 2.8.0
	gtk+-2.0 >= 2.8.0
	gtksourceview-2.0 >= 2.0.0
	gedit-2.20 >= 2.20.0
	libglade-2.0 >= 2.4.0
	gnome-vfs-2.0 >= 2.13.4
	gtksourcecompletion-1.0 >= 0.6.0
	gtksnippets-1.0 >= 0.1.0
"
configure:14443: $? = 0
configure:14564: result: yes
configure:14574: checking for glib-genmarshal
configure:14592: found /usr/bin/glib-genmarshal
configure:14604: result: /usr/bin/glib-genmarshal
configure:14786: creating ./config.status

## ---------------------- ##
## Running config.status. ##
## ---------------------- ##

This file was extended by gedit-gsp-plugin config.status 0.2.0, which was
generated by GNU Autoconf 2.61.  Invocation command line was

  CONFIG_FILES    = 
  CONFIG_HEADERS  = 
  CONFIG_LINKS    = 
  CONFIG_COMMANDS = 
  $ ./config.status 

on homer

config.status:915: creating Makefile
config.status:915: creating data/Makefile
config.status:915: creating src/Makefile
config.status:915: creating po/Makefile.in
config.status:915: creating config.h
config.status:1197: executing depfiles commands
config.status:1197: executing libtool commands
config.status:1197: executing default-1 commands
config.status:1197: executing po/stamp-it commands

## ---------------- ##
## Cache variables. ##
## ---------------- ##

ac_cv_build=i686-pc-linux-gnu
ac_cv_c_compiler_gnu=yes
ac_cv_env_CC_set=
ac_cv_env_CC_value=
ac_cv_env_CFLAGS_set=
ac_cv_env_CFLAGS_value=
ac_cv_env_CPPFLAGS_set=
ac_cv_env_CPPFLAGS_value=
ac_cv_env_CPP_set=
ac_cv_env_CPP_value=
ac_cv_env_GEDIT_CFLAGS_set=
ac_cv_env_GEDIT_CFLAGS_value=
ac_cv_env_GEDIT_LIBS_set=
ac_cv_env_GEDIT_LIBS_value=
ac_cv_env_LDFLAGS_set=
ac_cv_env_LDFLAGS_value=
ac_cv_env_LIBS_set=
ac_cv_env_LIBS_value=
ac_cv_env_PKG_CONFIG_set=
ac_cv_env_PKG_CONFIG_value=
ac_cv_env_build_alias_set=
ac_cv_env_build_alias_value=
ac_cv_env_host_alias_set=
ac_cv_env_host_alias_value=
ac_cv_env_target_alias_set=
ac_cv_env_target_alias_value=
ac_cv_func_bind_textdomain_codeset=yes
ac_cv_func_dcgettext=yes
ac_cv_header_dlfcn_h=yes
ac_cv_header_inttypes_h=yes
ac_cv_header_libintl_h=yes
ac_cv_header_locale_h=yes
ac_cv_header_memory_h=yes
ac_cv_header_stdc=yes
ac_cv_header_stdint_h=yes
ac_cv_header_stdlib_h=yes
ac_cv_header_string_h=yes
ac_cv_header_strings_h=yes
ac_cv_header_sys_stat_h=yes
ac_cv_header_sys_types_h=yes
ac_cv_header_unistd_h=yes
ac_cv_host=i686-pc-linux-gnu
ac_cv_objext=o
ac_cv_path_EGREP='/bin/grep -E'
ac_cv_path_FGREP='/bin/grep -F'
ac_cv_path_GCONFTOOL=/usr/bin/gconftool-2
ac_cv_path_GLIB_GENMARSHAL=/usr/bin/glib-genmarshal
ac_cv_path_GMSGFMT=/usr/bin/msgfmt
ac_cv_path_GREP=/bin/grep
ac_cv_path_INTLTOOL_EXTRACT=/usr/bin/intltool-extract
ac_cv_path_INTLTOOL_MERGE=/usr/bin/intltool-merge
ac_cv_path_INTLTOOL_PERL=/usr/bin/perl
ac_cv_path_INTLTOOL_UPDATE=/usr/bin/intltool-update
ac_cv_path_MSGFMT=/usr/bin/msgfmt
ac_cv_path_MSGMERGE=/usr/bin/msgmerge
ac_cv_path_SED=/bin/sed
ac_cv_path_XGETTEXT=/usr/bin/xgettext
ac_cv_path_ac_pt_PKG_CONFIG=/usr/bin/pkg-config
ac_cv_path_install='/usr/bin/install -c'
ac_cv_path_mkdir=/bin/mkdir
ac_cv_prog_AWK=mawk
ac_cv_prog_CPP='gcc -E'
ac_cv_prog_ac_ct_AR=ar
ac_cv_prog_ac_ct_CC=gcc
ac_cv_prog_ac_ct_RANLIB=ranlib
ac_cv_prog_ac_ct_STRIP=strip
ac_cv_prog_cc_c89=
ac_cv_prog_cc_g=yes
ac_cv_prog_make_make_set=yes
ac_cv_search_strerror='none required'
am_cv_CC_dependencies_compiler_type=gcc3
am_cv_val_LC_MESSAGES=yes
gdu_cv_have_gdu=yes
gdu_cv_version_required=0.3.2
gt_cv_func_dgettext_libc=yes
gt_cv_func_dgettext_libintl=no
gt_cv_func_ngettext_libc=yes
gt_cv_have_gettext=yes
lt_cv_deplibs_check_method=pass_all
lt_cv_file_magic_cmd='$MAGIC_CMD'
lt_cv_file_magic_test_file=
lt_cv_ld_reload_flag=-r
lt_cv_nm_interface='BSD nm'
lt_cv_objdir=.libs
lt_cv_path_LD=/usr/bin/ld
lt_cv_path_NM='/usr/bin/nm -B'
lt_cv_prog_compiler_c_o=yes
lt_cv_prog_compiler_pic_works=yes
lt_cv_prog_compiler_rtti_exceptions=no
lt_cv_prog_compiler_static_works=yes
lt_cv_prog_gnu_ld=yes
lt_cv_sys_global_symbol_pipe='sed -n -e '\''s/^.*[	 ]\([ABCDGIRSTW][ABCDGIRSTW]*\)[	 ][	 ]*\([_A-Za-z][_A-Za-z0-9]*\)$/\1 \2 \2/p'\'''
lt_cv_sys_global_symbol_to_c_name_address='sed -n -e '\''s/^: \([^ ]*\) $/  {\"\1\", (void *) 0},/p'\'' -e '\''s/^[ABCDGIRSTW]* \([^ ]*\) \([^ ]*\)$/  {"\2", (void *) \&\2},/p'\'''
lt_cv_sys_global_symbol_to_c_name_address_lib_prefix='sed -n -e '\''s/^: \([^ ]*\) $/  {\"\1\", (void *) 0},/p'\'' -e '\''s/^[ABCDGIRSTW]* \([^ ]*\) \(lib[^ ]*\)$/  {"\2", (void *) \&\2},/p'\'' -e '\''s/^[ABCDGIRSTW]* \([^ ]*\) \([^ ]*\)$/  {"lib\2", (void *) \&\2},/p'\'''
lt_cv_sys_global_symbol_to_cdecl='sed -n -e '\''s/^T .* \(.*\)$/extern int \1();/p'\'' -e '\''s/^[ABCDGIRSTW]* .* \(.*\)$/extern char \1;/p'\'''
lt_cv_sys_max_cmd_len=1572864
pkg_cv_GEDIT_CFLAGS='-pthread -DORBIT2=1 -I/usr/include/glib-2.0 -I/usr/lib/glib-2.0/include -I/usr/include/gtk-2.0 -I/usr/lib/gtk-2.0/include -I/usr/include/atk-1.0 -I/usr/include/cairo -I/usr/include/pango-1.0 -I/usr/include/pixman-1 -I/usr/include/freetype2 -I/usr/include/libpng12 -I/usr/include/gtksourceview-2.0 -I/usr/include/libxml2 -I/usr/include/gedit-2.20 -I/usr/include/libglade-2.0 -I/usr/include/gnome-vfs-2.0 -I/usr/lib/gnome-vfs-2.0/include -I/usr/include/gconf/2 -I/usr/include/orbit-2.0 -I/usr/include/dbus-1.0 -I/usr/lib/dbus-1.0/include -I/usr/include/gtksourcecompletion-1.0 -I/usr/include/gtksnippets-1.0 -I/usr/include/gsnippets-1.0  '
pkg_cv_GEDIT_LIBS='-pthread -lglade-2.0 -lxml2 -lgnomevfs-2 -lgconf-2 -lgthread-2.0 -lrt -lgtksourcecompletion-1.0 -lgtksnippets-1.0 -lgsnippets-1.0 -lgtksourceview-2.0 -lsqlite3 -lgtk-x11-2.0 -lgdk-x11-2.0 -latk-1.0 -lpangoft2-1.0 -lgdk_pixbuf-2.0 -lm -lpangocairo-1.0 -lgio-2.0 -lcairo -lpango-1.0 -lfreetype -lz -lfontconfig -lgobject-2.0 -lgmodule-2.0 -lglib-2.0  '

## ----------------- ##
## Output variables. ##
## ----------------- ##

ACLOCAL='${SHELL} /home/perriman/dev/git/gedit-gsp-plugin/missing --run aclocal-1.10'
ACLOCAL_AMFLAGS=' -I m4'
ALL_LINGUAS=''
AMDEPBACKSLASH='\'
AMDEP_FALSE='#'
AMDEP_TRUE=''
AMTAR='${SHELL} /home/perriman/dev/git/gedit-gsp-plugin/missing --run tar'
AR='ar'
AUTOCONF='${SHELL} /home/perriman/dev/git/gedit-gsp-plugin/missing --run autoconf'
AUTOHEADER='${SHELL} /home/perriman/dev/git/gedit-gsp-plugin/missing --run autoheader'
AUTOMAKE='${SHELL} /home/perriman/dev/git/gedit-gsp-plugin/missing --run automake-1.10'
AWK='mawk'
CATALOGS=''
CATOBJEXT='.gmo'
CC='gcc'
CCDEPMODE='depmode=gcc3'
CFLAGS='-g -O2'
CPP='gcc -E'
CPPFLAGS=''
CYGPATH_W='echo'
DATADIRNAME='share'
DEFS='-DHAVE_CONFIG_H'
DEPDIR='.deps'
DISABLE_DEPRECATED_CFLAGS=''
DISTCHECK_CONFIGURE_FLAGS='--disable-scrollkeeper '
DOC_USER_FORMATS=''
DSYMUTIL=''
DUMPBIN=''
ECHO_C=''
ECHO_N='-n'
ECHO_T=''
EGREP='/bin/grep -E'
ENABLE_SK_FALSE='#'
ENABLE_SK_TRUE=''
EXEEXT=''
FGREP='/bin/grep -F'
GCONFTOOL='/usr/bin/gconftool-2'
GEDIT_CFLAGS='-pthread -DORBIT2=1 -I/usr/include/glib-2.0 -I/usr/lib/glib-2.0/include -I/usr/include/gtk-2.0 -I/usr/lib/gtk-2.0/include -I/usr/include/atk-1.0 -I/usr/include/cairo -I/usr/include/pango-1.0 -I/usr/include/pixman-1 -I/usr/include/freetype2 -I/usr/include/libpng12 -I/usr/include/gtksourceview-2.0 -I/usr/include/libxml2 -I/usr/include/gedit-2.20 -I/usr/include/libglade-2.0 -I/usr/include/gnome-vfs-2.0 -I/usr/lib/gnome-vfs-2.0/include -I/usr/include/gconf/2 -I/usr/include/orbit-2.0 -I/usr/include/dbus-1.0 -I/usr/lib/dbus-1.0/include -I/usr/include/gtksourcecompletion-1.0 -I/usr/include/gtksnippets-1.0 -I/usr/include/gsnippets-1.0  '
GEDIT_LIBS='-pthread -lglade-2.0 -lxml2 -lgnomevfs-2 -lgconf-2 -lgthread-2.0 -lrt -lgtksourcecompletion-1.0 -lgtksnippets-1.0 -lgsnippets-1.0 -lgtksourceview-2.0 -lsqlite3 -lgtk-x11-2.0 -lgdk-x11-2.0 -latk-1.0 -lpangoft2-1.0 -lgdk_pixbuf-2.0 -lm -lpangocairo-1.0 -lgio-2.0 -lcairo -lpango-1.0 -lfreetype -lz -lfontconfig -lgobject-2.0 -lgmodule-2.0 -lglib-2.0  '
GEDIT_PLUGINS_MAJOR=''
GETTEXT_PACKAGE='gedit-gsp-plugin'
GLIB_GENMARSHAL='/usr/bin/glib-genmarshal'
GMOFILES=''
GMSGFMT='/usr/bin/msgfmt'
GREP='/bin/grep'
HAVE_GNOME_DOC_UTILS_FALSE='#'
HAVE_GNOME_DOC_UTILS_TRUE=''
HELP_DIR='${datadir}/gnome/help'
INSTALL_DATA='${INSTALL} -m 644'
INSTALL_PROGRAM='${INSTALL}'
INSTALL_SCRIPT='${INSTALL}'
INSTALL_STRIP_PROGRAM='$(install_sh) -c -s'
INSTOBJEXT='.mo'
INTLLIBS=''
INTLTOOL_CAVES_RULE='%.caves:     %.caves.in     $(INTLTOOL_MERGE) $(wildcard $(top_srcdir)/po/*.po) ; LC_ALL=C $(INTLTOOL_MERGE) -d -u -c $(top_builddir)/po/.intltool-merge-cache $(top_srcdir)/po $< $@'
INTLTOOL_DESKTOP_RULE='%.desktop:   %.desktop.in   $(INTLTOOL_MERGE) $(wildcard $(top_srcdir)/po/*.po) ; LC_ALL=C $(INTLTOOL_MERGE) -d -u -c $(top_builddir)/po/.intltool-merge-cache $(top_srcdir)/po $< $@'
INTLTOOL_DIRECTORY_RULE='%.directory: %.directory.in $(INTLTOOL_MERGE) $(wildcard $(top_srcdir)/po/*.po) ; LC_ALL=C $(INTLTOOL_MERGE) -d -u -c $(top_builddir)/po/.intltool-merge-cache $(top_srcdir)/po $< $@'
INTLTOOL_EXTRACT='/usr/bin/intltool-extract'
INTLTOOL_KBD_RULE='%.kbd:       %.kbd.in       $(INTLTOOL_MERGE) $(wildcard $(top_srcdir)/po/*.po) ; LC_ALL=C $(INTLTOOL_MERGE) -x -u -m -c $(top_builddir)/po/.intltool-merge-cache $(top_srcdir)/po $< $@'
INTLTOOL_KEYS_RULE='%.keys:      %.keys.in      $(INTLTOOL_MERGE) $(wildcard $(top_srcdir)/po/*.po) ; LC_ALL=C $(INTLTOOL_MERGE) -k -u -c $(top_builddir)/po/.intltool-merge-cache $(top_srcdir)/po $< $@'
INTLTOOL_MERGE='/usr/bin/intltool-merge'
INTLTOOL_OAF_RULE='%.oaf:       %.oaf.in       $(INTLTOOL_MERGE) $(wildcard $(top_srcdir)/po/*.po) ; LC_ALL=C $(INTLTOOL_MERGE) -o -p $(top_srcdir)/po $< $@'
INTLTOOL_PERL='/usr/bin/perl'
INTLTOOL_POLICY_RULE='%.policy:    %.policy.in    $(INTLTOOL_MERGE) $(wildcard $(top_srcdir)/po/*.po) ; LC_ALL=C $(INTLTOOL_MERGE) -x -u -c $(top_builddir)/po/.intltool-merge-cache $(top_srcdir)/po $< $@'
INTLTOOL_PONG_RULE='%.pong:      %.pong.in      $(INTLTOOL_MERGE) $(wildcard $(top_srcdir)/po/*.po) ; LC_ALL=C $(INTLTOOL_MERGE) -x -u -c $(top_builddir)/po/.intltool-merge-cache $(top_srcdir)/po $< $@'
INTLTOOL_PROP_RULE='%.prop:      %.prop.in      $(INTLTOOL_MERGE) $(wildcard $(top_srcdir)/po/*.po) ; LC_ALL=C $(INTLTOOL_MERGE) -d -u -c $(top_builddir)/po/.intltool-merge-cache $(top_srcdir)/po $< $@'
INTLTOOL_SCHEMAS_RULE='%.schemas:   %.schemas.in   $(INTLTOOL_MERGE) $(wildcard $(top_srcdir)/po/*.po) ; LC_ALL=C $(INTLTOOL_MERGE) -s -u -c $(top_builddir)/po/.intltool-merge-cache $(top_srcdir)/po $< $@'
INTLTOOL_SERVER_RULE='%.server:    %.server.in    $(INTLTOOL_MERGE) $(wildcard $(top_srcdir)/po/*.po) ; LC_ALL=C $(INTLTOOL_MERGE) -o -u -c $(top_builddir)/po/.intltool-merge-cache $(top_srcdir)/po $< $@'
INTLTOOL_SERVICE_RULE='%.service: %.service.in   $(INTLTOOL_MERGE) $(wildcard $(top_srcdir)/po/*.po) ; LC_ALL=C $(INTLTOOL_MERGE) -d -u -c $(top_builddir)/po/.intltool-merge-cache $(top_srcdir)/po $< $@'
INTLTOOL_SHEET_RULE='%.sheet:     %.sheet.in     $(INTLTOOL_MERGE) $(wildcard $(top_srcdir)/po/*.po) ; LC_ALL=C $(INTLTOOL_MERGE) -x -u -c $(top_builddir)/po/.intltool-merge-cache $(top_srcdir)/po $< $@'
INTLTOOL_SOUNDLIST_RULE='%.soundlist: %.soundlist.in $(INTLTOOL_MERGE) $(wildcard $(top_srcdir)/po/*.po) ; LC_ALL=C $(INTLTOOL_MERGE) -d -u -c $(top_builddir)/po/.intltool-merge-cache $(top_srcdir)/po $< $@'
INTLTOOL_THEME_RULE='%.theme:     %.theme.in     $(INTLTOOL_MERGE) $(wildcard $(top_srcdir)/po/*.po) ; LC_ALL=C $(INTLTOOL_MERGE) -d -u -c $(top_builddir)/po/.intltool-merge-cache $(top_srcdir)/po $< $@'
INTLTOOL_UI_RULE='%.ui:        %.ui.in        $(INTLTOOL_MERGE) $(wildcard $(top_srcdir)/po/*.po) ; LC_ALL=C $(INTLTOOL_MERGE) -x -u -c $(top_builddir)/po/.intltool-merge-cache $(top_srcdir)/po $< $@'
INTLTOOL_UPDATE='/usr/bin/intltool-update'
INTLTOOL_XAM_RULE='%.xam:       %.xml.in       $(INTLTOOL_MERGE) $(wildcard $(top_srcdir)/po/*.po) ; LC_ALL=C $(INTLTOOL_MERGE) -x -u -c $(top_builddir)/po/.intltool-merge-cache $(top_srcdir)/po $< $@'
INTLTOOL_XML_NOMERGE_RULE='%.xml:       %.xml.in       $(INTLTOOL_MERGE) ; LC_ALL=C $(INTLTOOL_MERGE) -x -u /tmp $< $@'
INTLTOOL_XML_RULE='%.xml:       %.xml.in       $(INTLTOOL_MERGE) $(wildcard $(top_srcdir)/po/*.po) ; LC_ALL=C $(INTLTOOL_MERGE) -x -u -c $(top_builddir)/po/.intltool-merge-cache $(top_srcdir)/po $< $@'
LD='/usr/bin/ld'
LDFLAGS=''
LIBOBJS=''
LIBS=''
LIBTOOL='$(SHELL) $(top_builddir)/libtool'
LIPO=''
LN_S='ln -s'
LTLIBOBJS=''
MAINT=''
MAINTAINER_MODE_FALSE='#'
MAINTAINER_MODE_TRUE=''
MAKEINFO='${SHELL} /home/perriman/dev/git/gedit-gsp-plugin/missing --run makeinfo'
MKINSTALLDIRS='./mkinstalldirs'
MSGFMT='/usr/bin/msgfmt'
MSGFMT_OPTS='-c'
MSGMERGE='/usr/bin/msgmerge'
NM='/usr/bin/nm -B'
NMEDIT=''
OBJEXT='o'
OMF_DIR='${datadir}/omf'
OTOOL64=''
OTOOL=''
PACKAGE='gedit-gsp-plugin'
PACKAGE_BUGREPORT='http://sourceforge.net/projects/gtksourcecomple'
PACKAGE_NAME='gedit-gsp-plugin'
PACKAGE_STRING='gedit-gsp-plugin 0.2.0'
PACKAGE_TARNAME='gedit-gsp-plugin'
PACKAGE_VERSION='0.2.0'
PATH_SEPARATOR=':'
PKG_CONFIG='/usr/bin/pkg-config'
PLUGIN_LIBTOOL_FLAGS='-module -avoid-version'
POFILES=''
POSUB='po'
PO_IN_DATADIR_FALSE=''
PO_IN_DATADIR_TRUE=''
RANLIB='ranlib'
SED='/bin/sed'
SET_MAKE=''
SHELL='/bin/bash'
STRIP='strip'
USE_NLS='yes'
VERSION='0.2.0'
XGETTEXT='/usr/bin/xgettext'
ac_ct_CC='gcc'
ac_ct_DUMPBIN=''
ac_prefix_program=''
am__fastdepCC_FALSE='#'
am__fastdepCC_TRUE=''
am__include='include'
am__isrc=''
am__leading_dot='.'
am__quote=''
am__tar='${AMTAR} chof - "$$tardir"'
am__untar='${AMTAR} xf -'
bindir='${exec_prefix}/bin'
build='i686-pc-linux-gnu'
build_alias=''
build_cpu='i686'
build_os='linux-gnu'
build_vendor='pc'
datadir='${datarootdir}'
datarootdir='${prefix}/share'
docdir='${datarootdir}/doc/${PACKAGE_TARNAME}'
dvidir='${docdir}'
exec_prefix='${prefix}'
host='i686-pc-linux-gnu'
host_alias=''
host_cpu='i686'
host_os='linux-gnu'
host_vendor='pc'
htmldir='${docdir}'
includedir='${prefix}/include'
infodir='${datarootdir}/info'
install_sh='$(SHELL) /home/perriman/dev/git/gedit-gsp-plugin/install-sh'
libdir='${exec_prefix}/lib'
libexecdir='${exec_prefix}/libexec'
localedir='${datarootdir}/locale'
localstatedir='${prefix}/var'
lt_ECHO='echo'
mandir='${datarootdir}/man'
mkdir_p='/bin/mkdir -p'
oldincludedir='/usr/include'
pdfdir='${docdir}'
prefix='/usr'
program_transform_name='s,x,x,'
psdir='${docdir}'
sbindir='${exec_prefix}/sbin'
sharedstatedir='${prefix}/com'
sysconfdir='${prefix}/etc'
target_alias=''

## ----------- ##
## confdefs.h. ##
## ----------- ##

#define PACKAGE_NAME "gedit-gsp-plugin"
#define PACKAGE_TARNAME "gedit-gsp-plugin"
#define PACKAGE_VERSION "0.2.0"
#define PACKAGE_STRING "gedit-gsp-plugin 0.2.0"
#define PACKAGE_BUGREPORT "http://sourceforge.net/projects/gtksourcecomple"
#define PACKAGE "gedit-gsp-plugin"
#define VERSION "0.2.0"
#define STDC_HEADERS 1
#define HAVE_SYS_TYPES_H 1
#define HAVE_SYS_STAT_H 1
#define HAVE_STDLIB_H 1
#define HAVE_STRING_H 1
#define HAVE_MEMORY_H 1
#define HAVE_STRINGS_H 1
#define HAVE_INTTYPES_H 1
#define HAVE_STDINT_H 1
#define HAVE_UNISTD_H 1
#define HAVE_DLFCN_H 1
#define LT_OBJDIR ".libs/"
#define GETTEXT_PACKAGE "gedit-gsp-plugin"
#define HAVE_LOCALE_H 1
#define HAVE_LC_MESSAGES 1
#define HAVE_BIND_TEXTDOMAIN_CODESET 1
#define HAVE_GETTEXT 1
#define HAVE_DCGETTEXT 1
#define ENABLE_NLS 1

configure: exit 0
